<?xml version="1.0" encoding="UTF-8"?>
<!-- Generated by org.testng.reporters.JUnitReportReporter -->
<testsuite hostname="Ashishs-MacBook-Air.local" failures="0" tests="3" name="com.demo.advantageShopping.AppTest" time="4.264" errors="0" timestamp="2025-05-12T20:40:19 IST" skipped="1">
  <testcase classname="com.demo.advantageShopping.AppTest" name="openHomePage" time="1.330"/>
  <testcase classname="com.demo.advantageShopping.AppTest" name="validateCategoryPage" time="2.934"/>
  <testcase classname="com.demo.advantageShopping.AppTest" name="validateLoginPopup">
    <skipped/>
  </testcase> <!-- validateLoginPopup -->
</testsuite> <!-- com.demo.advantageShopping.AppTest -->
